[roslaunch][INFO] 2016-06-01 10:33:14,651: Checking log directory for disk usage. This may take awhile.
Press Ctrl-C to interrupt
[roslaunch][INFO] 2016-06-01 10:33:14,653: Done checking log file disk usage. Usage is <1GB.
[roslaunch][INFO] 2016-06-01 10:33:14,653: roslaunch starting with args ['/opt/ros/indigo/bin/roslaunch', 'icp_mapper.launch']
[roslaunch][INFO] 2016-06-01 10:33:14,654: roslaunch env is {'LC_NUMERIC': 'nb_NO.UTF-8', 'MANDATORY_PATH': '/usr/share/gconf/ubuntu.mandatory.path', 'ROS_DISTRO': 'indigo', 'ROS_LOG_FILENAME': 'pwd/log/58710fda-27d3-11e6-93cc-507b9d5e03ea/roslaunch-marek-ideapad-6147.log', 'XDG_GREETER_DATA_DIR': '/var/lib/lightdm-data/marek', 'GNOME_DESKTOP_SESSION_ID': 'this-is-deprecated', 'PKG_CONFIG_PATH': '/home/marek/catkin_ws/devel/lib/pkgconfig:/opt/ros/indigo/lib/pkgconfig:/usr/local/lib/pkgconfig', 'UPSTART_EVENTS': 'started starting', 'LESSOPEN': '| /usr/bin/lesspipe %s', 'XDG_VTNR': '7', 'ROSLISP_PACKAGE_DIRECTORIES': '/home/marek/catkin_ws/devel/share/common-lisp', 'CPATH': '/home/marek/catkin_ws/devel/include:/opt/ros/indigo/include:/usr/local/include', 'LOGNAME': 'marek', 'USER': 'marek', 'PATH': '/home/marek/catkin_ws/devel/bin:/opt/ros/indigo/bin:/usr/local/sbin:/usr/local/bin:/usr/sbin:/usr/bin:/sbin:/bin:/usr/games:/usr/local/games', 'LC_PAPER': 'nb_NO.UTF-8', 'GNOME_KEYRING_CONTROL': '/run/user/1000/keyring-uZGSJd', 'CMAKE_PREFIX_PATH': '/home/marek/catkin_ws/devel:/opt/ros/indigo:/usr/local', 'LD_LIBRARY_PATH': '/home/marek/catkin_ws/devel/lib:/home/marek/catkin_ws/devel/lib/x86_64-linux-gnu:/opt/ros/indigo/lib:/usr/local/lib', 'LANG': 'en_US.UTF-8', 'TERM': 'xterm', 'SHELL': '/bin/bash', 'XDG_SESSION_PATH': '/org/freedesktop/DisplayManager/Session0', 'XAUTHORITY': '/home/marek/.Xauthority', 'LANGUAGE': 'en_US', 'COMPIZ_CONFIG_PROFILE': 'ubuntu', 'LC_MONETARY': 'nb_NO.UTF-8', 'LESSCLOSE': '/usr/bin/lesspipe %s %s', 'GTK_IM_MODULE': 'ibus', 'QT_QPA_PLATFORMTHEME': 'appmenu-qt5', 'ROS_HOME': 'pwd', 'TEXTDOMAIN': 'im-config', 'UPSTART_INSTANCE': '', 'CLUTTER_IM_MODULE': 'xim', 'WINDOWID': '27263242', 'LIBGL_ALWAYS_SOFTWARE': '1', 'SESSIONTYPE': 'gnome-session', 'XMODIFIERS': '@im=ibus', 'ROS_ETC_DIR': '/opt/ros/indigo/etc/ros', 'GPG_AGENT_INFO': '/run/user/1000/keyring-uZGSJd/gpg:0:1', 'GDMSESSION': 'ubuntu', 'QT4_IM_MODULE': 'xim', 'SELINUX_INIT': 'YES', 'SHLVL': '1', 'XDG_RUNTIME_DIR': '/run/user/1000', 'INSTANCE': 'Unity', 'LC_ADDRESS': 'nb_NO.UTF-8', 'PYTHONPATH': '/home/marek/catkin_ws/devel/lib/python2.7/dist-packages:/opt/ros/indigo/lib/python2.7/dist-packages:/usr/local/lib/python2.7/dist-packages', 'HOME': '/home/marek', 'SSH_AUTH_SOCK': '/run/user/1000/keyring-uZGSJd/ssh', 'VTE_VERSION': '3409', 'ROS_ROOT': '/opt/ros/indigo/share/ros', 'JOB': 'gnome-session', 'IM_CONFIG_PHASE': '1', 'UPSTART_JOB': 'unity-settings-daemon', 'TEXTDOMAINDIR': '/usr/share/locale/', 'GNOME_KEYRING_PID': '1619', 'XDG_SEAT_PATH': '/org/freedesktop/DisplayManager/Seat0', 'ROS_PACKAGE_PATH': '/home/marek/catkin_ws/src:/opt/ros/indigo/share:/opt/ros/indigo/stacks', 'XDG_CURRENT_DESKTOP': 'Unity', 'XDG_SESSION_ID': 'c2', 'DBUS_SESSION_BUS_ADDRESS': 'unix:abstract=/tmp/dbus-x5pIgliiQh', '_': '/opt/ros/indigo/bin/roslaunch', 'DEFAULTS_PATH': '/usr/share/gconf/ubuntu.default.path', 'LC_IDENTIFICATION': 'nb_NO.UTF-8', 'DESKTOP_SESSION': 'ubuntu', 'UPSTART_SESSION': 'unix:abstract=/com/ubuntu/upstart-session/1000/1621', 'XDG_CONFIG_DIRS': '/etc/xdg/xdg-ubuntu:/usr/share/upstart/xdg:/etc/xdg', 'GTK_MODULES': 'overlay-scrollbar:unity-gtk-module', 'LC_NAME': 'nb_NO.UTF-8', 'OLDPWD': '/home/marek/superdroid', 'GDM_LANG': 'en_US', 'LC_TELEPHONE': 'nb_NO.UTF-8', 'LC_MEASUREMENT': 'nb_NO.UTF-8', 'PWD': '/home/marek/superdroid/icp_mapper', 'QT_IM_MODULE': 'ibus', 'ROS_MASTER_URI': 'http://localhost:11311', 'COLORTERM': 'gnome-terminal', 'DISPLAY': ':0', 'LC_TIME': 'nb_NO.UTF-8', 'LS_COLORS': 'rs=0:di=01;34:ln=01;36:mh=00:pi=40;33:so=01;35:do=01;35:bd=40;33;01:cd=40;33;01:or=40;31;01:su=37;41:sg=30;43:ca=30;41:tw=30;42:ow=34;42:st=37;44:ex=01;32:*.tar=01;31:*.tgz=01;31:*.arj=01;31:*.taz=01;31:*.lzh=01;31:*.lzma=01;31:*.tlz=01;31:*.txz=01;31:*.zip=01;31:*.z=01;31:*.Z=01;31:*.dz=01;31:*.gz=01;31:*.lz=01;31:*.xz=01;31:*.bz2=01;31:*.bz=01;31:*.tbz=01;31:*.tbz2=01;31:*.tz=01;31:*.deb=01;31:*.rpm=01;31:*.jar=01;31:*.war=01;31:*.ear=01;31:*.sar=01;31:*.rar=01;31:*.ace=01;31:*.zoo=01;31:*.cpio=01;31:*.7z=01;31:*.rz=01;31:*.jpg=01;35:*.jpeg=01;35:*.gif=01;35:*.bmp=01;35:*.pbm=01;35:*.pgm=01;35:*.ppm=01;35:*.tga=01;35:*.xbm=01;35:*.xpm=01;35:*.tif=01;35:*.tiff=01;35:*.png=01;35:*.svg=01;35:*.svgz=01;35:*.mng=01;35:*.pcx=01;35:*.mov=01;35:*.mpg=01;35:*.mpeg=01;35:*.m2v=01;35:*.mkv=01;35:*.webm=01;35:*.ogm=01;35:*.mp4=01;35:*.m4v=01;35:*.mp4v=01;35:*.vob=01;35:*.qt=01;35:*.nuv=01;35:*.wmv=01;35:*.asf=01;35:*.rm=01;35:*.rmvb=01;35:*.flc=01;35:*.avi=01;35:*.fli=01;35:*.flv=01;35:*.gl=01;35:*.dl=01;35:*.xcf=01;35:*.xwd=01;35:*.yuv=01;35:*.cgm=01;35:*.emf=01;35:*.axv=01;35:*.anx=01;35:*.ogv=01;35:*.ogx=01;35:*.aac=00;36:*.au=00;36:*.flac=00;36:*.mid=00;36:*.midi=00;36:*.mka=00;36:*.mp3=00;36:*.mpc=00;36:*.ogg=00;36:*.ra=00;36:*.wav=00;36:*.axa=00;36:*.oga=00;36:*.spx=00;36:*.xspf=00;36:', 'XDG_DATA_DIRS': '/usr/share/ubuntu:/usr/share/gnome:/usr/local/share/:/usr/share/', 'XDG_SEAT': 'seat0'}
[roslaunch][INFO] 2016-06-01 10:33:14,654: starting in server mode
[roslaunch.parent][INFO] 2016-06-01 10:33:14,654: starting roslaunch parent run
[roslaunch][INFO] 2016-06-01 10:33:14,654: loading roscore config file /opt/ros/indigo/etc/ros/roscore.xml
[roslaunch][INFO] 2016-06-01 10:33:14,723: Added core node of type [rosout/rosout] in namespace [/]
[roslaunch.config][INFO] 2016-06-01 10:33:14,723: loading config file icp_mapper.launch
[roslaunch][INFO] 2016-06-01 10:33:14,724: Added node of type [ethzasl_icp_mapper/mapper] in namespace [/]
[roslaunch][INFO] 2016-06-01 10:33:14,724: ... selected machine [] for node of type [ethzasl_icp_mapper/mapper]
[roslaunch.pmon][INFO] 2016-06-01 10:33:14,725: start_process_monitor: creating ProcessMonitor
[roslaunch.pmon][INFO] 2016-06-01 10:33:14,725: created process monitor <ProcessMonitor(ProcessMonitor-1, initial daemon)>
[roslaunch.pmon][INFO] 2016-06-01 10:33:14,725: start_process_monitor: ProcessMonitor started
[roslaunch.parent][INFO] 2016-06-01 10:33:14,725: starting parent XML-RPC server
[roslaunch.server][INFO] 2016-06-01 10:33:14,725: starting roslaunch XML-RPC server
[roslaunch.server][INFO] 2016-06-01 10:33:14,725: waiting for roslaunch XML-RPC server to initialize
[xmlrpc][INFO] 2016-06-01 10:33:14,725: XML-RPC server binding to 0.0.0.0:0
[xmlrpc][INFO] 2016-06-01 10:33:14,726: Started XML-RPC server [http://marek-ideapad:40425/]
[xmlrpc][INFO] 2016-06-01 10:33:14,726: xml rpc node: starting XML-RPC server
[roslaunch][INFO] 2016-06-01 10:33:14,737: started roslaunch server http://marek-ideapad:40425/
[roslaunch.parent][INFO] 2016-06-01 10:33:14,738: ... parent XML-RPC server started
[roslaunch][INFO] 2016-06-01 10:33:14,738: master.is_running[http://localhost:11311]
[roslaunch][INFO] 2016-06-01 10:33:14,739: master.is_running[http://localhost:11311]
[roslaunch][INFO] 2016-06-01 10:33:14,740: ROS_MASTER_URI=http://localhost:11311
[roslaunch][INFO] 2016-06-01 10:33:14,741: setting /roslaunch/uris/host_marek_ideapad__40425' to http://marek-ideapad:40425/
[roslaunch][INFO] 2016-06-01 10:33:14,743: load_parameters starting ...
[roslaunch][INFO] 2016-06-01 10:33:14,747: ... load_parameters complete
[roslaunch][INFO] 2016-06-01 10:33:14,747: launch_nodes: launching local nodes ...
[roslaunch][INFO] 2016-06-01 10:33:14,747: ... preparing to launch node of type [ethzasl_icp_mapper/mapper]
[roslaunch][INFO] 2016-06-01 10:33:14,747: create_node_process: package[ethzasl_icp_mapper] type[mapper] machine[Machine(name[] env_loader[None] address[localhost] ssh_port[22] user[None] assignable[True] timeout[10.0])] master_uri[http://localhost:11311]
[roslaunch][INFO] 2016-06-01 10:33:14,747: process[mapper-1]: env[{'LC_NUMERIC': 'nb_NO.UTF-8', 'WINDOWID': '27263242', 'QT_QPA_PLATFORMTHEME': 'appmenu-qt5', 'ROS_DISTRO': 'indigo', 'XDG_GREETER_DATA_DIR': '/var/lib/lightdm-data/marek', 'GNOME_DESKTOP_SESSION_ID': 'this-is-deprecated', 'LC_MEASUREMENT': 'nb_NO.UTF-8', 'DISPLAY': ':0', 'UPSTART_EVENTS': 'started starting', 'LESSOPEN': '| /usr/bin/lesspipe %s', 'LC_PAPER': 'nb_NO.UTF-8', 'ROSLISP_PACKAGE_DIRECTORIES': '/home/marek/catkin_ws/devel/share/common-lisp', 'CPATH': '/home/marek/catkin_ws/devel/include:/opt/ros/indigo/include:/usr/local/include', 'LOGNAME': 'marek', 'USER': 'marek', 'PATH': '/home/marek/catkin_ws/devel/bin:/opt/ros/indigo/bin:/usr/local/sbin:/usr/local/bin:/usr/sbin:/usr/bin:/sbin:/bin:/usr/games:/usr/local/games', 'XDG_VTNR': '7', 'GNOME_KEYRING_CONTROL': '/run/user/1000/keyring-uZGSJd', 'CMAKE_PREFIX_PATH': '/home/marek/catkin_ws/devel:/opt/ros/indigo:/usr/local', 'LD_LIBRARY_PATH': '/home/marek/catkin_ws/devel/lib:/home/marek/catkin_ws/devel/lib/x86_64-linux-gnu:/opt/ros/indigo/lib:/usr/local/lib', 'LANG': 'en_US.UTF-8', 'TERM': 'xterm', 'SHELL': '/bin/bash', 'XDG_SESSION_PATH': '/org/freedesktop/DisplayManager/Session0', 'XAUTHORITY': '/home/marek/.Xauthority', 'LANGUAGE': 'en_US', 'INSTANCE': 'Unity', 'LC_MONETARY': 'nb_NO.UTF-8', 'XDG_SESSION_ID': 'c2', 'MANDATORY_PATH': '/usr/share/gconf/ubuntu.mandatory.path', 'QT_IM_MODULE': 'ibus', 'ROS_HOME': 'pwd', 'ROS_LOG_FILENAME': 'pwd/log/58710fda-27d3-11e6-93cc-507b9d5e03ea/roslaunch-marek-ideapad-6147.log', 'UPSTART_INSTANCE': '', 'COMPIZ_CONFIG_PROFILE': 'ubuntu', 'TEXTDOMAIN': 'im-config', 'LIBGL_ALWAYS_SOFTWARE': '1', 'CLUTTER_IM_MODULE': 'xim', 'XMODIFIERS': '@im=ibus', 'ROS_MASTER_URI': 'http://localhost:11311', 'GPG_AGENT_INFO': '/run/user/1000/keyring-uZGSJd/gpg:0:1', 'HOME': '/home/marek', 'QT4_IM_MODULE': 'xim', 'SELINUX_INIT': 'YES', 'SSH_AUTH_SOCK': '/run/user/1000/keyring-uZGSJd/ssh', 'XDG_RUNTIME_DIR': '/run/user/1000', 'LC_IDENTIFICATION': 'nb_NO.UTF-8', 'LC_ADDRESS': 'nb_NO.UTF-8', 'PYTHONPATH': '/home/marek/catkin_ws/devel/lib/python2.7/dist-packages:/opt/ros/indigo/lib/python2.7/dist-packages:/usr/local/lib/python2.7/dist-packages', 'SESSIONTYPE': 'gnome-session', 'VTE_VERSION': '3409', 'ROS_ROOT': '/opt/ros/indigo/share/ros', 'GDMSESSION': 'ubuntu', 'IM_CONFIG_PHASE': '1', 'UPSTART_JOB': 'unity-settings-daemon', 'TEXTDOMAINDIR': '/usr/share/locale/', 'XDG_DATA_DIRS': '/usr/share/ubuntu:/usr/share/gnome:/usr/local/share/:/usr/share/', 'PKG_CONFIG_PATH': '/home/marek/catkin_ws/devel/lib/pkgconfig:/opt/ros/indigo/lib/pkgconfig:/usr/local/lib/pkgconfig', 'ROS_PACKAGE_PATH': '/home/marek/catkin_ws/src:/opt/ros/indigo/share:/opt/ros/indigo/stacks', 'XDG_CURRENT_DESKTOP': 'Unity', 'XDG_SEAT_PATH': '/org/freedesktop/DisplayManager/Seat0', 'DBUS_SESSION_BUS_ADDRESS': 'unix:abstract=/tmp/dbus-x5pIgliiQh', '_': '/opt/ros/indigo/bin/roslaunch', 'DEFAULTS_PATH': '/usr/share/gconf/ubuntu.default.path', 'GTK_IM_MODULE': 'ibus', 'DESKTOP_SESSION': 'ubuntu', 'UPSTART_SESSION': 'unix:abstract=/com/ubuntu/upstart-session/1000/1621', 'LESSCLOSE': '/usr/bin/lesspipe %s %s', 'GNOME_KEYRING_PID': '1619', 'OLDPWD': '/home/marek/superdroid', 'LS_COLORS': 'rs=0:di=01;34:ln=01;36:mh=00:pi=40;33:so=01;35:do=01;35:bd=40;33;01:cd=40;33;01:or=40;31;01:su=37;41:sg=30;43:ca=30;41:tw=30;42:ow=34;42:st=37;44:ex=01;32:*.tar=01;31:*.tgz=01;31:*.arj=01;31:*.taz=01;31:*.lzh=01;31:*.lzma=01;31:*.tlz=01;31:*.txz=01;31:*.zip=01;31:*.z=01;31:*.Z=01;31:*.dz=01;31:*.gz=01;31:*.lz=01;31:*.xz=01;31:*.bz2=01;31:*.bz=01;31:*.tbz=01;31:*.tbz2=01;31:*.tz=01;31:*.deb=01;31:*.rpm=01;31:*.jar=01;31:*.war=01;31:*.ear=01;31:*.sar=01;31:*.rar=01;31:*.ace=01;31:*.zoo=01;31:*.cpio=01;31:*.7z=01;31:*.rz=01;31:*.jpg=01;35:*.jpeg=01;35:*.gif=01;35:*.bmp=01;35:*.pbm=01;35:*.pgm=01;35:*.ppm=01;35:*.tga=01;35:*.xbm=01;35:*.xpm=01;35:*.tif=01;35:*.tiff=01;35:*.png=01;35:*.svg=01;35:*.svgz=01;35:*.mng=01;35:*.pcx=01;35:*.mov=01;35:*.mpg=01;35:*.mpeg=01;35:*.m2v=01;35:*.mkv=01;35:*.webm=01;35:*.ogm=01;35:*.mp4=01;35:*.m4v=01;35:*.mp4v=01;35:*.vob=01;35:*.qt=01;35:*.nuv=01;35:*.wmv=01;35:*.asf=01;35:*.rm=01;35:*.rmvb=01;35:*.flc=01;35:*.avi=01;35:*.fli=01;35:*.flv=01;35:*.gl=01;35:*.dl=01;35:*.xcf=01;35:*.xwd=01;35:*.yuv=01;35:*.cgm=01;35:*.emf=01;35:*.axv=01;35:*.anx=01;35:*.ogv=01;35:*.ogx=01;35:*.aac=00;36:*.au=00;36:*.flac=00;36:*.mid=00;36:*.midi=00;36:*.mka=00;36:*.mp3=00;36:*.mpc=00;36:*.ogg=00;36:*.ra=00;36:*.wav=00;36:*.axa=00;36:*.oga=00;36:*.spx=00;36:*.xspf=00;36:', 'GDM_LANG': 'en_US', 'LC_TELEPHONE': 'nb_NO.UTF-8', 'GTK_MODULES': 'overlay-scrollbar:unity-gtk-module', 'SHLVL': '1', 'PWD': '/home/marek/superdroid/icp_mapper', 'JOB': 'gnome-session', 'ROS_ETC_DIR': '/opt/ros/indigo/etc/ros', 'COLORTERM': 'gnome-terminal', 'LC_NAME': 'nb_NO.UTF-8', 'LC_TIME': 'nb_NO.UTF-8', 'XDG_CONFIG_DIRS': '/etc/xdg/xdg-ubuntu:/usr/share/upstart/xdg:/etc/xdg', 'XDG_SEAT': 'seat0'}]
[roslaunch][INFO] 2016-06-01 10:33:14,783: process[mapper-1]: args[[u'/home/marek/catkin_ws/devel/lib/ethzasl_icp_mapper/mapper', u'/cloud_in:=/velodyne_points', u'__name:=mapper']]
[roslaunch][INFO] 2016-06-01 10:33:14,783: ... created process [mapper-1]
[roslaunch.pmon][INFO] 2016-06-01 10:33:14,783: ProcessMonitor.register[mapper-1]
[roslaunch.pmon][INFO] 2016-06-01 10:33:14,784: ProcessMonitor.register[mapper-1] complete
[roslaunch][INFO] 2016-06-01 10:33:14,784: ... registered process [mapper-1]
[roslaunch][INFO] 2016-06-01 10:33:14,784: process[mapper-1]: starting os process
[roslaunch][INFO] 2016-06-01 10:33:14,784: process[mapper-1]: start w/ args [[u'/home/marek/catkin_ws/devel/lib/ethzasl_icp_mapper/mapper', u'/cloud_in:=/velodyne_points', u'__name:=mapper', u'__log:=pwd/log/58710fda-27d3-11e6-93cc-507b9d5e03ea/mapper-1.log']]
[roslaunch][INFO] 2016-06-01 10:33:14,784: process[mapper-1]: cwd will be [pwd]
[roslaunch][INFO] 2016-06-01 10:33:14,786: process[mapper-1]: started with pid [6165]
[roslaunch][INFO] 2016-06-01 10:33:14,786: ... successfully launched [mapper-1]
[roslaunch][INFO] 2016-06-01 10:33:14,786: ... launch_nodes complete
[roslaunch.pmon][INFO] 2016-06-01 10:33:14,786: registrations completed <ProcessMonitor(ProcessMonitor-1, started daemon 140350545049344)>
[roslaunch.parent][INFO] 2016-06-01 10:33:14,786: ... roslaunch parent running, waiting for process exit
[roslaunch][INFO] 2016-06-01 10:33:14,786: spin
[roslaunch][ERROR] 2016-06-01 10:33:15,827: [mapper-1] process has died [pid 6165, exit code -6, cmd /home/marek/catkin_ws/devel/lib/ethzasl_icp_mapper/mapper /cloud_in:=/velodyne_points __name:=mapper __log:=pwd/log/58710fda-27d3-11e6-93cc-507b9d5e03ea/mapper-1.log].
log file: pwd/log/58710fda-27d3-11e6-93cc-507b9d5e03ea/mapper-1*.log
[roslaunch.pmon][INFO] 2016-06-01 10:33:15,827: ProcessMonitor.unregister[mapper-1] starting
[roslaunch.pmon][INFO] 2016-06-01 10:33:15,827: ProcessMonitor.unregister[mapper-1] complete
[roslaunch][INFO] 2016-06-01 10:33:15,827: all processes on machine have died, roslaunch will exit
[roslaunch.pmon][INFO] 2016-06-01 10:33:15,928: ProcessMonitor._post_run <ProcessMonitor(ProcessMonitor-1, started daemon 140350545049344)>
[roslaunch.pmon][INFO] 2016-06-01 10:33:15,928: ProcessMonitor._post_run <ProcessMonitor(ProcessMonitor-1, started daemon 140350545049344)>: remaining procs are []
[roslaunch.pmon][INFO] 2016-06-01 10:33:15,929: ProcessMonitor exit: cleaning up data structures and signals
[roslaunch.pmon][INFO] 2016-06-01 10:33:15,929: ProcessMonitor exit: pmon has shutdown
[roslaunch][INFO] 2016-06-01 10:33:15,988: process monitor is done spinning, initiating full shutdown
[roslaunch][INFO] 2016-06-01 10:33:15,988: runner.stop()
[roslaunch][INFO] 2016-06-01 10:33:15,988: shutting down processing monitor...
[roslaunch][INFO] 2016-06-01 10:33:15,988: shutting down processing monitor <ProcessMonitor(ProcessMonitor-1, stopped daemon 140350545049344)>
[roslaunch.pmon][INFO] 2016-06-01 10:33:15,988: ProcessMonitor.shutdown <ProcessMonitor(ProcessMonitor-1, stopped daemon 140350545049344)>
[roslaunch][INFO] 2016-06-01 10:33:15,988: ... shutting down processing monitor complete
[roslaunch][INFO] 2016-06-01 10:33:15,988: done
[roslaunch.pmon][INFO] 2016-06-01 10:33:15,989: ProcessMonitor.shutdown <ProcessMonitor(ProcessMonitor-1, stopped daemon 140350545049344)>
[rospy.core][INFO] 2016-06-01 10:33:15,989: signal_shutdown [atexit]
