[roslaunch][INFO] 2016-05-11 11:06:02,620: Checking log directory for disk usage. This may take awhile.
Press Ctrl-C to interrupt
[roslaunch][INFO] 2016-05-11 11:06:02,624: Done checking log file disk usage. Usage is <1GB.
[roslaunch][INFO] 2016-05-11 11:06:02,624: roslaunch starting with args ['/opt/ros/indigo/bin/roslaunch', 'icp_mapper.launch']
[roslaunch][INFO] 2016-05-11 11:06:02,624: roslaunch env is {'LC_NUMERIC': 'nb_NO.UTF-8', 'MANDATORY_PATH': '/usr/share/gconf/ubuntu.mandatory.path', 'ROS_DISTRO': 'indigo', 'ROS_LOG_FILENAME': '/home/david/repos/superdroid/icp_mapper/log/95e1062c-1757-11e6-b875-3c970e8cd9f2/roslaunch-w530-3680.log', 'XDG_GREETER_DATA_DIR': '/var/lib/lightdm-data/david', 'GNOME_DESKTOP_SESSION_ID': 'this-is-deprecated', 'PKG_CONFIG_PATH': '/home/david/envs/catkin_ws/devel/lib/pkgconfig:/opt/ros/indigo/lib/pkgconfig:/usr/local/lib/pkgconfig', 'GTK_IM_MODULE': 'ibus', 'LESSOPEN': '| /usr/bin/lesspipe %s', 'XDG_VTNR': '7', 'ROSLISP_PACKAGE_DIRECTORIES': '/home/david/envs/catkin_ws/devel/share/common-lisp', 'CPATH': '/home/david/envs/catkin_ws/devel/include:/opt/ros/indigo/include:/usr/local/include', 'LOGNAME': 'david', 'WINDOWID': '31457291', 'PATH': '/opt/ros/indigo/bin:/usr/local/sbin:/usr/local/bin:/usr/sbin:/usr/bin:/sbin:/bin:/usr/games:/usr/local/games', 'LC_PAPER': 'nb_NO.UTF-8', 'GNOME_KEYRING_CONTROL': '/run/user/1000/keyring-D6sUMI', 'CMAKE_PREFIX_PATH': '/home/david/envs/catkin_ws/devel:/opt/ros/indigo:/usr/local', 'LD_LIBRARY_PATH': '/home/david/envs/catkin_ws/devel/lib:/opt/ros/indigo/lib:/usr/local/lib', 'LANG': 'en_US.UTF-8', 'TERM': 'xterm', 'SHELL': '/bin/bash', 'XDG_SESSION_PATH': '/org/freedesktop/DisplayManager/Session0', 'XAUTHORITY': '/home/david/.Xauthority', 'LANGUAGE': 'en_US', 'SESSION_MANAGER': 'local/w530:@/tmp/.ICE-unix/1865,unix/w530:/tmp/.ICE-unix/1865', 'LC_MONETARY': 'nb_NO.UTF-8', 'DISPLAY': ':0', 'QT_QPA_PLATFORMTHEME': 'appmenu-qt5', 'ROS_HOME': '/home/david/repos/superdroid/icp_mapper', 'TEXTDOMAIN': 'im-config', 'QT4_IM_MODULE': 'xim', 'CLUTTER_IM_MODULE': 'xim', 'SESSION': 'ubuntu', 'SESSIONTYPE': 'gnome-session', 'XMODIFIERS': '@im=ibus', 'ROS_ETC_DIR': '/opt/ros/indigo/etc/ros', 'GPG_AGENT_INFO': '/run/user/1000/keyring-D6sUMI/gpg:0:1', 'GDMSESSION': 'ubuntu', 'SELINUX_INIT': 'YES', 'SHLVL': '1', 'COMPIZ_BIN_PATH': '/usr/bin/', 'XDG_RUNTIME_DIR': '/run/user/1000', 'INSTANCE': '', 'LC_ADDRESS': 'nb_NO.UTF-8', 'PYTHONPATH': '/home/david/envs/catkin_ws/devel/lib/python2.7/dist-packages:/opt/ros/indigo/lib/python2.7/dist-packages:/usr/local/lib/python2.7/dist-packages', 'COMPIZ_CONFIG_PROFILE': 'ubuntu', 'SSH_AUTH_SOCK': '/run/user/1000/keyring-D6sUMI/ssh', 'VTE_VERSION': '3409', 'ROS_ROOT': '/opt/ros/indigo/share/ros', 'JOB': 'dbus', 'IM_CONFIG_PHASE': '1', 'TEXTDOMAINDIR': '/usr/share/locale/', 'LESSCLOSE': '/usr/bin/lesspipe %s %s', 'GNOME_KEYRING_PID': '1671', 'XDG_SEAT_PATH': '/org/freedesktop/DisplayManager/Seat0', 'ROS_PACKAGE_PATH': '/home/david/envs/catkin_ws/src:/opt/ros/indigo/share:/opt/ros/indigo/stacks', 'XDG_CURRENT_DESKTOP': 'Unity', 'XDG_SESSION_ID': 'c2', 'DBUS_SESSION_BUS_ADDRESS': 'unix:abstract=/tmp/dbus-9NI84oC9Tc', '_': '/opt/ros/indigo/bin/roslaunch', 'DEFAULTS_PATH': '/usr/share/gconf/ubuntu.default.path', 'LC_IDENTIFICATION': 'nb_NO.UTF-8', 'DESKTOP_SESSION': 'ubuntu', 'UPSTART_SESSION': 'unix:abstract=/com/ubuntu/upstart-session/1000/1673', 'XDG_CONFIG_DIRS': '/etc/xdg/xdg-ubuntu:/usr/share/upstart/xdg:/etc/xdg', 'GTK_MODULES': 'overlay-scrollbar:unity-gtk-module', 'XDG_SEAT': 'seat0', 'LC_NAME': 'nb_NO.UTF-8', 'OLDPWD': '/home/david/repos/superdroid', 'GDM_LANG': 'en_US', 'LC_TELEPHONE': 'nb_NO.UTF-8', 'LC_MEASUREMENT': 'nb_NO.UTF-8', 'PWD': '/home/david/repos/superdroid/icp_mapper', 'QT_IM_MODULE': 'ibus', 'ROS_MASTER_URI': 'http://localhost:11311', 'COLORTERM': 'gnome-terminal', 'HOME': '/home/david', 'XDG_MENU_PREFIX': 'gnome-', 'LC_TIME': 'nb_NO.UTF-8', 'LS_COLORS': 'rs=0:di=01;34:ln=01;36:mh=00:pi=40;33:so=01;35:do=01;35:bd=40;33;01:cd=40;33;01:or=40;31;01:su=37;41:sg=30;43:ca=30;41:tw=30;42:ow=34;42:st=37;44:ex=01;32:*.tar=01;31:*.tgz=01;31:*.arj=01;31:*.taz=01;31:*.lzh=01;31:*.lzma=01;31:*.tlz=01;31:*.txz=01;31:*.zip=01;31:*.z=01;31:*.Z=01;31:*.dz=01;31:*.gz=01;31:*.lz=01;31:*.xz=01;31:*.bz2=01;31:*.bz=01;31:*.tbz=01;31:*.tbz2=01;31:*.tz=01;31:*.deb=01;31:*.rpm=01;31:*.jar=01;31:*.war=01;31:*.ear=01;31:*.sar=01;31:*.rar=01;31:*.ace=01;31:*.zoo=01;31:*.cpio=01;31:*.7z=01;31:*.rz=01;31:*.jpg=01;35:*.jpeg=01;35:*.gif=01;35:*.bmp=01;35:*.pbm=01;35:*.pgm=01;35:*.ppm=01;35:*.tga=01;35:*.xbm=01;35:*.xpm=01;35:*.tif=01;35:*.tiff=01;35:*.png=01;35:*.svg=01;35:*.svgz=01;35:*.mng=01;35:*.pcx=01;35:*.mov=01;35:*.mpg=01;35:*.mpeg=01;35:*.m2v=01;35:*.mkv=01;35:*.webm=01;35:*.ogm=01;35:*.mp4=01;35:*.m4v=01;35:*.mp4v=01;35:*.vob=01;35:*.qt=01;35:*.nuv=01;35:*.wmv=01;35:*.asf=01;35:*.rm=01;35:*.rmvb=01;35:*.flc=01;35:*.avi=01;35:*.fli=01;35:*.flv=01;35:*.gl=01;35:*.dl=01;35:*.xcf=01;35:*.xwd=01;35:*.yuv=01;35:*.cgm=01;35:*.emf=01;35:*.axv=01;35:*.anx=01;35:*.ogv=01;35:*.ogx=01;35:*.aac=00;36:*.au=00;36:*.flac=00;36:*.mid=00;36:*.midi=00;36:*.mka=00;36:*.mp3=00;36:*.mpc=00;36:*.ogg=00;36:*.ra=00;36:*.wav=00;36:*.axa=00;36:*.oga=00;36:*.spx=00;36:*.xspf=00;36:', 'XDG_DATA_DIRS': '/usr/share/ubuntu:/usr/share/gnome:/usr/local/share/:/usr/share/', 'USER': 'david'}
[roslaunch][INFO] 2016-05-11 11:06:02,624: starting in server mode
[roslaunch.parent][INFO] 2016-05-11 11:06:02,624: starting roslaunch parent run
[roslaunch][INFO] 2016-05-11 11:06:02,625: loading roscore config file /opt/ros/indigo/etc/ros/roscore.xml
[roslaunch][INFO] 2016-05-11 11:06:02,754: Added core node of type [rosout/rosout] in namespace [/]
[roslaunch.config][INFO] 2016-05-11 11:06:02,754: loading config file icp_mapper.launch
[roslaunch][INFO] 2016-05-11 11:06:02,758: Added node of type [ethzasl_icp_mapper/mapper] in namespace [/]
[roslaunch][INFO] 2016-05-11 11:06:02,758: ... selected machine [] for node of type [ethzasl_icp_mapper/mapper]
[roslaunch.pmon][INFO] 2016-05-11 11:06:02,759: start_process_monitor: creating ProcessMonitor
[roslaunch.pmon][INFO] 2016-05-11 11:06:02,760: created process monitor <ProcessMonitor(ProcessMonitor-1, initial daemon)>
[roslaunch.pmon][INFO] 2016-05-11 11:06:02,760: start_process_monitor: ProcessMonitor started
[roslaunch.parent][INFO] 2016-05-11 11:06:02,760: starting parent XML-RPC server
[roslaunch.server][INFO] 2016-05-11 11:06:02,761: starting roslaunch XML-RPC server
[roslaunch.server][INFO] 2016-05-11 11:06:02,761: waiting for roslaunch XML-RPC server to initialize
[xmlrpc][INFO] 2016-05-11 11:06:02,761: XML-RPC server binding to 0.0.0.0:0
[xmlrpc][INFO] 2016-05-11 11:06:02,762: Started XML-RPC server [http://w530:41474/]
[xmlrpc][INFO] 2016-05-11 11:06:02,762: xml rpc node: starting XML-RPC server
[roslaunch][INFO] 2016-05-11 11:06:02,774: started roslaunch server http://w530:41474/
[roslaunch.parent][INFO] 2016-05-11 11:06:02,775: ... parent XML-RPC server started
[roslaunch][INFO] 2016-05-11 11:06:02,776: master.is_running[http://localhost:11311]
[roslaunch][INFO] 2016-05-11 11:06:02,777: auto-starting new master
[roslaunch][INFO] 2016-05-11 11:06:02,777: create_master_process: rosmaster, /opt/ros/indigo/share/ros, 11311, 3, None
[roslaunch][INFO] 2016-05-11 11:06:02,777: process[master]: launching with args [['rosmaster', '--core', '-p', '11311', '-w', '3']]
[roslaunch.pmon][INFO] 2016-05-11 11:06:02,777: ProcessMonitor.register[master]
[roslaunch.pmon][INFO] 2016-05-11 11:06:02,777: ProcessMonitor.register[master] complete
[roslaunch][INFO] 2016-05-11 11:06:02,778: process[master]: starting os process
[roslaunch][INFO] 2016-05-11 11:06:02,778: process[master]: start w/ args [['rosmaster', '--core', '-p', '11311', '-w', '3', '__log:=/home/david/repos/superdroid/icp_mapper/log/95e1062c-1757-11e6-b875-3c970e8cd9f2/master.log']]
[roslaunch][INFO] 2016-05-11 11:06:02,778: process[master]: cwd will be [/home/david/repos/superdroid/icp_mapper]
[roslaunch][INFO] 2016-05-11 11:06:02,781: process[master]: started with pid [3692]
[roslaunch][INFO] 2016-05-11 11:06:02,781: master.is_running[http://localhost:11311]
[roslaunch][INFO] 2016-05-11 11:06:02,882: master.is_running[http://localhost:11311]
[roslaunch][INFO] 2016-05-11 11:06:02,983: master.is_running[http://localhost:11311]
[roslaunch][INFO] 2016-05-11 11:06:02,986: master.is_running[http://localhost:11311]
[roslaunch][INFO] 2016-05-11 11:06:02,988: ROS_MASTER_URI=http://localhost:11311
[roslaunch][INFO] 2016-05-11 11:06:02,991: setting /run_id to 95e1062c-1757-11e6-b875-3c970e8cd9f2
[roslaunch][INFO] 2016-05-11 11:06:02,993: setting /roslaunch/uris/host_w530__41474' to http://w530:41474/
[roslaunch][INFO] 2016-05-11 11:06:02,997: ... preparing to launch node of type [rosout/rosout]
[roslaunch][INFO] 2016-05-11 11:06:02,997: create_node_process: package[rosout] type[rosout] machine[Machine(name[] env_loader[None] address[localhost] ssh_port[22] user[None] assignable[True] timeout[10.0])] master_uri[http://localhost:11311]
[roslaunch][INFO] 2016-05-11 11:06:02,998: process[rosout-1]: env[{'LC_NUMERIC': 'nb_NO.UTF-8', 'QT_QPA_PLATFORMTHEME': 'appmenu-qt5', 'ROS_DISTRO': 'indigo', 'XDG_GREETER_DATA_DIR': '/var/lib/lightdm-data/david', 'GNOME_DESKTOP_SESSION_ID': 'this-is-deprecated', 'LC_IDENTIFICATION': 'nb_NO.UTF-8', 'LESSOPEN': '| /usr/bin/lesspipe %s', 'LC_PAPER': 'nb_NO.UTF-8', 'ROSLISP_PACKAGE_DIRECTORIES': '/home/david/envs/catkin_ws/devel/share/common-lisp', 'CPATH': '/home/david/envs/catkin_ws/devel/include:/opt/ros/indigo/include:/usr/local/include', 'LOGNAME': 'david', 'XDG_SEAT': 'seat0', 'PATH': '/opt/ros/indigo/bin:/usr/local/sbin:/usr/local/bin:/usr/sbin:/usr/bin:/sbin:/bin:/usr/games:/usr/local/games', 'XDG_VTNR': '7', 'GNOME_KEYRING_CONTROL': '/run/user/1000/keyring-D6sUMI', 'ROS_PACKAGE_PATH': '/home/david/envs/catkin_ws/src:/opt/ros/indigo/share:/opt/ros/indigo/stacks', 'CMAKE_PREFIX_PATH': '/home/david/envs/catkin_ws/devel:/opt/ros/indigo:/usr/local', 'LD_LIBRARY_PATH': '/home/david/envs/catkin_ws/devel/lib:/opt/ros/indigo/lib:/usr/local/lib', 'LANG': 'en_US.UTF-8', 'TERM': 'xterm', 'SHELL': '/bin/bash', 'XDG_SESSION_PATH': '/org/freedesktop/DisplayManager/Session0', 'XAUTHORITY': '/home/david/.Xauthority', 'LANGUAGE': 'en_US', 'SESSION_MANAGER': 'local/w530:@/tmp/.ICE-unix/1865,unix/w530:/tmp/.ICE-unix/1865', 'LC_MONETARY': 'nb_NO.UTF-8', 'XDG_SESSION_ID': 'c2', 'MANDATORY_PATH': '/usr/share/gconf/ubuntu.mandatory.path', 'QT_IM_MODULE': 'ibus', 'CLUTTER_IM_MODULE': 'xim', 'ROS_LOG_FILENAME': '/home/david/repos/superdroid/icp_mapper/log/95e1062c-1757-11e6-b875-3c970e8cd9f2/roslaunch-w530-3680.log', 'TEXTDOMAIN': 'im-config', 'ROS_HOME': '/home/david/repos/superdroid/icp_mapper', 'WINDOWID': '31457291', 'SESSIONTYPE': 'gnome-session', 'XMODIFIERS': '@im=ibus', 'ROS_MASTER_URI': 'http://localhost:11311', 'GPG_AGENT_INFO': '/run/user/1000/keyring-D6sUMI/gpg:0:1', 'HOME': '/home/david', 'QT4_IM_MODULE': 'xim', 'SELINUX_INIT': 'YES', 'SSH_AUTH_SOCK': '/run/user/1000/keyring-D6sUMI/ssh', 'XDG_RUNTIME_DIR': '/run/user/1000', 'INSTANCE': '', 'LC_ADDRESS': 'nb_NO.UTF-8', 'PYTHONPATH': '/home/david/envs/catkin_ws/devel/lib/python2.7/dist-packages:/opt/ros/indigo/lib/python2.7/dist-packages:/usr/local/lib/python2.7/dist-packages', 'COMPIZ_CONFIG_PROFILE': 'ubuntu', 'COMPIZ_BIN_PATH': '/usr/bin/', 'SESSION': 'ubuntu', 'VTE_VERSION': '3409', 'ROS_ROOT': '/opt/ros/indigo/share/ros', 'GDMSESSION': 'ubuntu', 'IM_CONFIG_PHASE': '1', 'TEXTDOMAINDIR': '/usr/share/locale/', 'XDG_DATA_DIRS': '/usr/share/ubuntu:/usr/share/gnome:/usr/local/share/:/usr/share/', 'PKG_CONFIG_PATH': '/home/david/envs/catkin_ws/devel/lib/pkgconfig:/opt/ros/indigo/lib/pkgconfig:/usr/local/lib/pkgconfig', 'LESSCLOSE': '/usr/bin/lesspipe %s %s', 'XDG_CURRENT_DESKTOP': 'Unity', 'XDG_SEAT_PATH': '/org/freedesktop/DisplayManager/Seat0', 'DBUS_SESSION_BUS_ADDRESS': 'unix:abstract=/tmp/dbus-9NI84oC9Tc', '_': '/opt/ros/indigo/bin/roslaunch', 'DEFAULTS_PATH': '/usr/share/gconf/ubuntu.default.path', 'GTK_IM_MODULE': 'ibus', 'DESKTOP_SESSION': 'ubuntu', 'UPSTART_SESSION': 'unix:abstract=/com/ubuntu/upstart-session/1000/1673', 'DISPLAY': ':0', 'GNOME_KEYRING_PID': '1671', 'OLDPWD': '/home/david/repos/superdroid', 'LS_COLORS': 'rs=0:di=01;34:ln=01;36:mh=00:pi=40;33:so=01;35:do=01;35:bd=40;33;01:cd=40;33;01:or=40;31;01:su=37;41:sg=30;43:ca=30;41:tw=30;42:ow=34;42:st=37;44:ex=01;32:*.tar=01;31:*.tgz=01;31:*.arj=01;31:*.taz=01;31:*.lzh=01;31:*.lzma=01;31:*.tlz=01;31:*.txz=01;31:*.zip=01;31:*.z=01;31:*.Z=01;31:*.dz=01;31:*.gz=01;31:*.lz=01;31:*.xz=01;31:*.bz2=01;31:*.bz=01;31:*.tbz=01;31:*.tbz2=01;31:*.tz=01;31:*.deb=01;31:*.rpm=01;31:*.jar=01;31:*.war=01;31:*.ear=01;31:*.sar=01;31:*.rar=01;31:*.ace=01;31:*.zoo=01;31:*.cpio=01;31:*.7z=01;31:*.rz=01;31:*.jpg=01;35:*.jpeg=01;35:*.gif=01;35:*.bmp=01;35:*.pbm=01;35:*.pgm=01;35:*.ppm=01;35:*.tga=01;35:*.xbm=01;35:*.xpm=01;35:*.tif=01;35:*.tiff=01;35:*.png=01;35:*.svg=01;35:*.svgz=01;35:*.mng=01;35:*.pcx=01;35:*.mov=01;35:*.mpg=01;35:*.mpeg=01;35:*.m2v=01;35:*.mkv=01;35:*.webm=01;35:*.ogm=01;35:*.mp4=01;35:*.m4v=01;35:*.mp4v=01;35:*.vob=01;35:*.qt=01;35:*.nuv=01;35:*.wmv=01;35:*.asf=01;35:*.rm=01;35:*.rmvb=01;35:*.flc=01;35:*.avi=01;35:*.fli=01;35:*.flv=01;35:*.gl=01;35:*.dl=01;35:*.xcf=01;35:*.xwd=01;35:*.yuv=01;35:*.cgm=01;35:*.emf=01;35:*.axv=01;35:*.anx=01;35:*.ogv=01;35:*.ogx=01;35:*.aac=00;36:*.au=00;36:*.flac=00;36:*.mid=00;36:*.midi=00;36:*.mka=00;36:*.mp3=00;36:*.mpc=00;36:*.ogg=00;36:*.ra=00;36:*.wav=00;36:*.axa=00;36:*.oga=00;36:*.spx=00;36:*.xspf=00;36:', 'GDM_LANG': 'en_US', 'LC_TELEPHONE': 'nb_NO.UTF-8', 'GTK_MODULES': 'overlay-scrollbar:unity-gtk-module', 'LC_MEASUREMENT': 'nb_NO.UTF-8', 'SHLVL': '1', 'PWD': '/home/david/repos/superdroid/icp_mapper', 'JOB': 'dbus', 'ROS_ETC_DIR': '/opt/ros/indigo/etc/ros', 'COLORTERM': 'gnome-terminal', 'LC_NAME': 'nb_NO.UTF-8', 'XDG_MENU_PREFIX': 'gnome-', 'LC_TIME': 'nb_NO.UTF-8', 'XDG_CONFIG_DIRS': '/etc/xdg/xdg-ubuntu:/usr/share/upstart/xdg:/etc/xdg', 'USER': 'david'}]
[roslaunch][INFO] 2016-05-11 11:06:03,067: process[rosout-1]: args[[u'/opt/ros/indigo/lib/rosout/rosout', u'__name:=rosout']]
[roslaunch][INFO] 2016-05-11 11:06:03,067: ... created process [rosout-1]
[roslaunch.pmon][INFO] 2016-05-11 11:06:03,067: ProcessMonitor.register[rosout-1]
[roslaunch.pmon][INFO] 2016-05-11 11:06:03,067: ProcessMonitor.register[rosout-1] complete
[roslaunch][INFO] 2016-05-11 11:06:03,068: ... registered process [rosout-1]
[roslaunch][INFO] 2016-05-11 11:06:03,068: process[rosout-1]: starting os process
[roslaunch][INFO] 2016-05-11 11:06:03,068: process[rosout-1]: start w/ args [[u'/opt/ros/indigo/lib/rosout/rosout', u'__name:=rosout', u'__log:=/home/david/repos/superdroid/icp_mapper/log/95e1062c-1757-11e6-b875-3c970e8cd9f2/rosout-1.log']]
[roslaunch][INFO] 2016-05-11 11:06:03,068: process[rosout-1]: cwd will be [/home/david/repos/superdroid/icp_mapper]
[roslaunch][INFO] 2016-05-11 11:06:03,071: process[rosout-1]: started with pid [3705]
[roslaunch][INFO] 2016-05-11 11:06:03,071: ... successfully launched [rosout-1]
[roslaunch][INFO] 2016-05-11 11:06:03,071: load_parameters starting ...
[roslaunch][INFO] 2016-05-11 11:06:03,081: ... load_parameters complete
[roslaunch][INFO] 2016-05-11 11:06:03,081: launch_nodes: launching local nodes ...
[roslaunch][INFO] 2016-05-11 11:06:03,081: ... preparing to launch node of type [ethzasl_icp_mapper/mapper]
[roslaunch][INFO] 2016-05-11 11:06:03,081: create_node_process: package[ethzasl_icp_mapper] type[mapper] machine[Machine(name[] env_loader[None] address[localhost] ssh_port[22] user[None] assignable[True] timeout[10.0])] master_uri[http://localhost:11311]
[roslaunch][INFO] 2016-05-11 11:06:03,082: process[mapper-2]: env[{'LC_NUMERIC': 'nb_NO.UTF-8', 'QT_QPA_PLATFORMTHEME': 'appmenu-qt5', 'ROS_DISTRO': 'indigo', 'XDG_GREETER_DATA_DIR': '/var/lib/lightdm-data/david', 'GNOME_DESKTOP_SESSION_ID': 'this-is-deprecated', 'LC_IDENTIFICATION': 'nb_NO.UTF-8', 'LESSOPEN': '| /usr/bin/lesspipe %s', 'LC_PAPER': 'nb_NO.UTF-8', 'ROSLISP_PACKAGE_DIRECTORIES': '/home/david/envs/catkin_ws/devel/share/common-lisp', 'CPATH': '/home/david/envs/catkin_ws/devel/include:/opt/ros/indigo/include:/usr/local/include', 'LOGNAME': 'david', 'XDG_SEAT': 'seat0', 'PATH': '/opt/ros/indigo/bin:/usr/local/sbin:/usr/local/bin:/usr/sbin:/usr/bin:/sbin:/bin:/usr/games:/usr/local/games', 'XDG_VTNR': '7', 'GNOME_KEYRING_CONTROL': '/run/user/1000/keyring-D6sUMI', 'ROS_PACKAGE_PATH': '/home/david/envs/catkin_ws/src:/opt/ros/indigo/share:/opt/ros/indigo/stacks', 'CMAKE_PREFIX_PATH': '/home/david/envs/catkin_ws/devel:/opt/ros/indigo:/usr/local', 'LD_LIBRARY_PATH': '/home/david/envs/catkin_ws/devel/lib:/opt/ros/indigo/lib:/usr/local/lib', 'LANG': 'en_US.UTF-8', 'TERM': 'xterm', 'SHELL': '/bin/bash', 'XDG_SESSION_PATH': '/org/freedesktop/DisplayManager/Session0', 'XAUTHORITY': '/home/david/.Xauthority', 'LANGUAGE': 'en_US', 'SESSION_MANAGER': 'local/w530:@/tmp/.ICE-unix/1865,unix/w530:/tmp/.ICE-unix/1865', 'LC_MONETARY': 'nb_NO.UTF-8', 'XDG_SESSION_ID': 'c2', 'MANDATORY_PATH': '/usr/share/gconf/ubuntu.mandatory.path', 'QT_IM_MODULE': 'ibus', 'CLUTTER_IM_MODULE': 'xim', 'ROS_LOG_FILENAME': '/home/david/repos/superdroid/icp_mapper/log/95e1062c-1757-11e6-b875-3c970e8cd9f2/roslaunch-w530-3680.log', 'TEXTDOMAIN': 'im-config', 'ROS_HOME': '/home/david/repos/superdroid/icp_mapper', 'WINDOWID': '31457291', 'SESSIONTYPE': 'gnome-session', 'XMODIFIERS': '@im=ibus', 'ROS_MASTER_URI': 'http://localhost:11311', 'GPG_AGENT_INFO': '/run/user/1000/keyring-D6sUMI/gpg:0:1', 'HOME': '/home/david', 'QT4_IM_MODULE': 'xim', 'SELINUX_INIT': 'YES', 'SSH_AUTH_SOCK': '/run/user/1000/keyring-D6sUMI/ssh', 'XDG_RUNTIME_DIR': '/run/user/1000', 'INSTANCE': '', 'LC_ADDRESS': 'nb_NO.UTF-8', 'PYTHONPATH': '/home/david/envs/catkin_ws/devel/lib/python2.7/dist-packages:/opt/ros/indigo/lib/python2.7/dist-packages:/usr/local/lib/python2.7/dist-packages', 'COMPIZ_CONFIG_PROFILE': 'ubuntu', 'COMPIZ_BIN_PATH': '/usr/bin/', 'SESSION': 'ubuntu', 'VTE_VERSION': '3409', 'ROS_ROOT': '/opt/ros/indigo/share/ros', 'GDMSESSION': 'ubuntu', 'IM_CONFIG_PHASE': '1', 'TEXTDOMAINDIR': '/usr/share/locale/', 'XDG_DATA_DIRS': '/usr/share/ubuntu:/usr/share/gnome:/usr/local/share/:/usr/share/', 'PKG_CONFIG_PATH': '/home/david/envs/catkin_ws/devel/lib/pkgconfig:/opt/ros/indigo/lib/pkgconfig:/usr/local/lib/pkgconfig', 'LESSCLOSE': '/usr/bin/lesspipe %s %s', 'XDG_CURRENT_DESKTOP': 'Unity', 'XDG_SEAT_PATH': '/org/freedesktop/DisplayManager/Seat0', 'DBUS_SESSION_BUS_ADDRESS': 'unix:abstract=/tmp/dbus-9NI84oC9Tc', '_': '/opt/ros/indigo/bin/roslaunch', 'DEFAULTS_PATH': '/usr/share/gconf/ubuntu.default.path', 'GTK_IM_MODULE': 'ibus', 'DESKTOP_SESSION': 'ubuntu', 'UPSTART_SESSION': 'unix:abstract=/com/ubuntu/upstart-session/1000/1673', 'DISPLAY': ':0', 'GNOME_KEYRING_PID': '1671', 'OLDPWD': '/home/david/repos/superdroid', 'LS_COLORS': 'rs=0:di=01;34:ln=01;36:mh=00:pi=40;33:so=01;35:do=01;35:bd=40;33;01:cd=40;33;01:or=40;31;01:su=37;41:sg=30;43:ca=30;41:tw=30;42:ow=34;42:st=37;44:ex=01;32:*.tar=01;31:*.tgz=01;31:*.arj=01;31:*.taz=01;31:*.lzh=01;31:*.lzma=01;31:*.tlz=01;31:*.txz=01;31:*.zip=01;31:*.z=01;31:*.Z=01;31:*.dz=01;31:*.gz=01;31:*.lz=01;31:*.xz=01;31:*.bz2=01;31:*.bz=01;31:*.tbz=01;31:*.tbz2=01;31:*.tz=01;31:*.deb=01;31:*.rpm=01;31:*.jar=01;31:*.war=01;31:*.ear=01;31:*.sar=01;31:*.rar=01;31:*.ace=01;31:*.zoo=01;31:*.cpio=01;31:*.7z=01;31:*.rz=01;31:*.jpg=01;35:*.jpeg=01;35:*.gif=01;35:*.bmp=01;35:*.pbm=01;35:*.pgm=01;35:*.ppm=01;35:*.tga=01;35:*.xbm=01;35:*.xpm=01;35:*.tif=01;35:*.tiff=01;35:*.png=01;35:*.svg=01;35:*.svgz=01;35:*.mng=01;35:*.pcx=01;35:*.mov=01;35:*.mpg=01;35:*.mpeg=01;35:*.m2v=01;35:*.mkv=01;35:*.webm=01;35:*.ogm=01;35:*.mp4=01;35:*.m4v=01;35:*.mp4v=01;35:*.vob=01;35:*.qt=01;35:*.nuv=01;35:*.wmv=01;35:*.asf=01;35:*.rm=01;35:*.rmvb=01;35:*.flc=01;35:*.avi=01;35:*.fli=01;35:*.flv=01;35:*.gl=01;35:*.dl=01;35:*.xcf=01;35:*.xwd=01;35:*.yuv=01;35:*.cgm=01;35:*.emf=01;35:*.axv=01;35:*.anx=01;35:*.ogv=01;35:*.ogx=01;35:*.aac=00;36:*.au=00;36:*.flac=00;36:*.mid=00;36:*.midi=00;36:*.mka=00;36:*.mp3=00;36:*.mpc=00;36:*.ogg=00;36:*.ra=00;36:*.wav=00;36:*.axa=00;36:*.oga=00;36:*.spx=00;36:*.xspf=00;36:', 'GDM_LANG': 'en_US', 'LC_TELEPHONE': 'nb_NO.UTF-8', 'GTK_MODULES': 'overlay-scrollbar:unity-gtk-module', 'LC_MEASUREMENT': 'nb_NO.UTF-8', 'SHLVL': '1', 'PWD': '/home/david/repos/superdroid/icp_mapper', 'JOB': 'dbus', 'ROS_ETC_DIR': '/opt/ros/indigo/etc/ros', 'COLORTERM': 'gnome-terminal', 'LC_NAME': 'nb_NO.UTF-8', 'XDG_MENU_PREFIX': 'gnome-', 'LC_TIME': 'nb_NO.UTF-8', 'XDG_CONFIG_DIRS': '/etc/xdg/xdg-ubuntu:/usr/share/upstart/xdg:/etc/xdg', 'USER': 'david'}]
[roslaunch][INFO] 2016-05-11 11:06:03,085: process[mapper-2]: args[[u'/home/david/envs/catkin_ws/devel/lib/ethzasl_icp_mapper/mapper', u'/cloud_in:=/velodyne_points', u'__name:=mapper']]
[roslaunch][INFO] 2016-05-11 11:06:03,085: ... created process [mapper-2]
[roslaunch.pmon][INFO] 2016-05-11 11:06:03,086: ProcessMonitor.register[mapper-2]
[roslaunch.pmon][INFO] 2016-05-11 11:06:03,086: ProcessMonitor.register[mapper-2] complete
[roslaunch][INFO] 2016-05-11 11:06:03,086: ... registered process [mapper-2]
[roslaunch][INFO] 2016-05-11 11:06:03,086: process[mapper-2]: starting os process
[roslaunch][INFO] 2016-05-11 11:06:03,086: process[mapper-2]: start w/ args [[u'/home/david/envs/catkin_ws/devel/lib/ethzasl_icp_mapper/mapper', u'/cloud_in:=/velodyne_points', u'__name:=mapper', u'__log:=/home/david/repos/superdroid/icp_mapper/log/95e1062c-1757-11e6-b875-3c970e8cd9f2/mapper-2.log']]
[roslaunch][INFO] 2016-05-11 11:06:03,086: process[mapper-2]: cwd will be [/home/david/repos/superdroid/icp_mapper]
[roslaunch][INFO] 2016-05-11 11:06:03,088: process[mapper-2]: started with pid [3719]
[roslaunch][INFO] 2016-05-11 11:06:03,088: ... successfully launched [mapper-2]
[roslaunch][INFO] 2016-05-11 11:06:03,089: ... launch_nodes complete
[roslaunch.pmon][INFO] 2016-05-11 11:06:03,089: registrations completed <ProcessMonitor(ProcessMonitor-1, started daemon 140022705202944)>
[roslaunch.parent][INFO] 2016-05-11 11:06:03,089: ... roslaunch parent running, waiting for process exit
[roslaunch][INFO] 2016-05-11 11:06:03,089: spin
[roslaunch.pmon][INFO] 2016-05-11 11:06:04,979: ProcessMonitor.shutdown <ProcessMonitor(ProcessMonitor-1, started daemon 140022705202944)>
[roslaunch.pmon][INFO] 2016-05-11 11:06:05,071: ProcessMonitor._post_run <ProcessMonitor(ProcessMonitor-1, started daemon 140022705202944)>
[roslaunch.pmon][INFO] 2016-05-11 11:06:05,071: ProcessMonitor._post_run <ProcessMonitor(ProcessMonitor-1, started daemon 140022705202944)>: remaining procs are [<roslaunch.nodeprocess.LocalProcess object at 0x7f599467cfd0>, <roslaunch.nodeprocess.LocalProcess object at 0x7f5993bc6410>, <roslaunch.nodeprocess.LocalProcess object at 0x7f5993be2e10>]
[roslaunch.pmon][INFO] 2016-05-11 11:06:05,072: ProcessMonitor exit: killing mapper-2
[roslaunch][INFO] 2016-05-11 11:06:05,073: [mapper-2] killing on exit
[roslaunch][INFO] 2016-05-11 11:06:05,074: process[mapper-2]: killing os process with pid[3719] pgid[3719]
[roslaunch][INFO] 2016-05-11 11:06:05,074: [mapper-2] sending SIGINT to pgid [3719]
[roslaunch][INFO] 2016-05-11 11:06:05,074: [mapper-2] sent SIGINT to pgid [3719]
[roslaunch][INFO] 2016-05-11 11:06:05,375: process[mapper-2]: SIGINT killed with return value 0
[roslaunch.pmon][INFO] 2016-05-11 11:06:05,376: ProcessMonitor exit: killing rosout-1
[roslaunch][INFO] 2016-05-11 11:06:05,376: [rosout-1] killing on exit
[roslaunch][INFO] 2016-05-11 11:06:05,376: process[rosout-1]: killing os process with pid[3705] pgid[3705]
[roslaunch][INFO] 2016-05-11 11:06:05,376: [rosout-1] sending SIGINT to pgid [3705]
[roslaunch][INFO] 2016-05-11 11:06:05,376: [rosout-1] sent SIGINT to pgid [3705]
[roslaunch][INFO] 2016-05-11 11:06:05,577: process[rosout-1]: SIGINT killed with return value 0
[roslaunch.pmon][INFO] 2016-05-11 11:06:05,577: ProcessMonitor exit: killing master
[roslaunch][INFO] 2016-05-11 11:06:05,577: [master] killing on exit
[roslaunch][INFO] 2016-05-11 11:06:05,577: process[master]: killing os process with pid[3692] pgid[3692]
[roslaunch][INFO] 2016-05-11 11:06:05,578: [master] sending SIGINT to pgid [3692]
[roslaunch][INFO] 2016-05-11 11:06:05,578: [master] sent SIGINT to pgid [3692]
[roslaunch][INFO] 2016-05-11 11:06:05,778: process[master]: SIGINT killed with return value 0
[roslaunch.pmon][INFO] 2016-05-11 11:06:05,779: ProcessMonitor exit: cleaning up data structures and signals
[roslaunch.pmon][INFO] 2016-05-11 11:06:05,779: ProcessMonitor exit: pmon has shutdown
[roslaunch][INFO] 2016-05-11 11:06:05,795: process monitor is done spinning, initiating full shutdown
[roslaunch][INFO] 2016-05-11 11:06:05,795: runner.stop()
[roslaunch][INFO] 2016-05-11 11:06:05,795: shutting down processing monitor...
[roslaunch][INFO] 2016-05-11 11:06:05,795: shutting down processing monitor <ProcessMonitor(ProcessMonitor-1, stopped daemon 140022705202944)>
[roslaunch.pmon][INFO] 2016-05-11 11:06:05,796: ProcessMonitor.shutdown <ProcessMonitor(ProcessMonitor-1, stopped daemon 140022705202944)>
[roslaunch][INFO] 2016-05-11 11:06:05,796: ... shutting down processing monitor complete
[roslaunch][INFO] 2016-05-11 11:06:05,796: done
[roslaunch.pmon][INFO] 2016-05-11 11:06:05,796: ProcessMonitor.shutdown <ProcessMonitor(ProcessMonitor-1, stopped daemon 140022705202944)>
[rospy.core][INFO] 2016-05-11 11:06:05,797: signal_shutdown [atexit]
